Base path: /Applications/Unity/Unity.app/Contents
Cmd: initializeCompiler
Cmd: compileComputeKernel
  api=15 insize=1386 outsize=5253 ok=1
Cmd: translateComputeKernel
  api=14 insize=6557 outsize=1317 ok=1
Cmd: compileComputeKernel
  api=15 insize=2285 outsize=5069 ok=1
Cmd: translateComputeKernel
  api=14 insize=7345 outsize=3141 ok=1
Cmd: compileComputeKernel
  api=14 insize=1484 outsize=781 ok=1
Cmd: compileComputeKernel
  api=15 insize=1484 outsize=897 ok=1
Cmd: compileComputeKernel
  api=14 insize=3182 outsize=6617 ok=1
Cmd: compileComputeKernel
  api=15 insize=3182 outsize=10405 ok=1
Unhandled exception: Protocol error - failed to read correct magic number

Quitting shader compiler process
